<?xml version="1.0" encoding="UTF-8"?>
<testsuite name="com.example.nakup_vstopnic.NakupVstopnicApplicationTests" tests="9" skipped="0" failures="0" errors="0" timestamp="2024-03-14T23:09:33" hostname="JAN01-COMPUTER" time="0.601">
  <properties/>
  <testcase name="getUserByIdNotFound()" classname="com.example.nakup_vstopnic.NakupVstopnicApplicationTests" time="0.412"/>
  <testcase name="status()" classname="com.example.nakup_vstopnic.NakupVstopnicApplicationTests" time="0.014"/>
  <testcase name="deleteUserNotFound()" classname="com.example.nakup_vstopnic.NakupVstopnicApplicationTests" time="0.016"/>
  <testcase name="getAllUsers()" classname="com.example.nakup_vstopnic.NakupVstopnicApplicationTests" time="0.013"/>
  <testcase name="updateUser()" classname="com.example.nakup_vstopnic.NakupVstopnicApplicationTests" time="0.013"/>
  <testcase name="updateUserNotFound()" classname="com.example.nakup_vstopnic.NakupVstopnicApplicationTests" time="0.014"/>
  <testcase name="contextLoads()" classname="com.example.nakup_vstopnic.NakupVstopnicApplicationTests" time="0.01"/>
  <testcase name="createUser()" classname="com.example.nakup_vstopnic.NakupVstopnicApplicationTests" time="0.009"/>
  <testcase name="deleteUser()" classname="com.example.nakup_vstopnic.NakupVstopnicApplicationTests" time="0.039"/>
  <system-out><![CDATA[00:09:26.477 [Test worker] INFO  o.s.t.c.s.AnnotationConfigContextLoaderUtils - Could not detect default configuration classes for test class [com.example.nakup_vstopnic.NakupVstopnicApplicationTests]: NakupVstopnicApplicationTests does not declare any static, non-private, non-final, nested classes annotated with @Configuration.
00:09:26.634 [Test worker] INFO  o.s.b.t.c.SpringBootTestContextBootstrapper - Found @SpringBootConfiguration com.example.nakup_vstopnic.NakupVstopnicApplication for test class com.example.nakup_vstopnic.NakupVstopnicApplicationTests

  .   ____          _            __ _ _
 /\\ / ___'_ __ _ _(_)_ __  __ _ \ \ \ \
( ( )\___ | '_ | '_| | '_ \/ _` | \ \ \ \
 \\/  ___)| |_)| | | | | || (_| |  ) ) ) )
  '  |____| .__|_| |_|_| |_\__, | / / / /
 =========|_|==============|___/=/_/_/_/
 :: Spring Boot ::                (v3.2.3)

00:09:27.188 [Test worker] INFO  c.e.n.NakupVstopnicApplicationTests - Starting NakupVstopnicApplicationTests using Java 19.0.1 with PID 25336 (started by Jan in C:\Users\Jan\Desktop\FERI\IPT\2-SEMESTER\IT_ARHITEKTURE\VAJE\VAJE_1_MIKROSTORITEV\nakup_vstopnic)
00:09:27.189 [Test worker] DEBUG c.e.n.NakupVstopnicApplicationTests - Running with Spring Boot v3.2.3, Spring v6.1.4
00:09:27.190 [Test worker] INFO  c.e.n.NakupVstopnicApplicationTests - The following 1 profile is active: "test"
00:09:28.380 [Test worker] INFO  o.s.d.r.c.RepositoryConfigurationDelegate - Bootstrapping Spring Data MongoDB repositories in DEFAULT mode.
00:09:28.491 [Test worker] INFO  o.s.d.r.c.RepositoryConfigurationDelegate - Finished Spring Data repository scanning in 101 ms. Found 1 MongoDB repository interface.
00:09:29.478 [Test worker] INFO  org.mongodb.driver.client - MongoClient with metadata {"driver": {"name": "mongo-java-driver|sync", "version": "4.11.1"}, "os": {"type": "Windows", "name": "Windows 11", "architecture": "amd64", "version": "10.0"}, "platform": "Java/Oracle Corporation/19.0.1+10-21"} created with settings MongoClientSettings{readPreference=primary, writeConcern=WriteConcern{w=null, wTimeout=null ms, journal=null}, retryWrites=true, retryReads=true, readConcern=ReadConcern{level=null}, credential=MongoCredential{mechanism=null, userName='jan', source='admin', password=<hidden>, mechanismProperties=<hidden>}, transportSettings=null, streamFactoryFactory=null, commandListeners=[], codecRegistry=ProvidersCodecRegistry{codecProviders=[ValueCodecProvider{}, BsonValueCodecProvider{}, DBRefCodecProvider{}, DBObjectCodecProvider{}, DocumentCodecProvider{}, CollectionCodecProvider{}, IterableCodecProvider{}, MapCodecProvider{}, GeoJsonCodecProvider{}, GridFSFileCodecProvider{}, Jsr310CodecProvider{}, JsonObjectCodecProvider{}, BsonCodecProvider{}, EnumCodecProvider{}, com.mongodb.client.model.mql.ExpressionCodecProvider@72ce812e, com.mongodb.Jep395RecordCodecProvider@373afd6c, com.mongodb.KotlinCodecProvider@521441d5]}, loggerSettings=LoggerSettings{maxDocumentLength=1000}, clusterSettings={hosts=[localhost:27018], srvServiceName=mongodb, mode=SINGLE, requiredClusterType=UNKNOWN, requiredReplicaSetName='null', serverSelector='null', clusterListeners='[]', serverSelectionTimeout='30000 ms', localThreshold='15 ms'}, socketSettings=SocketSettings{connectTimeoutMS=10000, readTimeoutMS=0, receiveBufferSize=0, proxySettings=ProxySettings{host=null, port=null, username=null, password=null}}, heartbeatSocketSettings=SocketSettings{connectTimeoutMS=10000, readTimeoutMS=10000, receiveBufferSize=0, proxySettings=ProxySettings{host=null, port=null, username=null, password=null}}, connectionPoolSettings=ConnectionPoolSettings{maxSize=100, minSize=0, maxWaitTimeMS=120000, maxConnectionLifeTimeMS=0, maxConnectionIdleTimeMS=0, maintenanceInitialDelayMS=0, maintenanceFrequencyMS=60000, connectionPoolListeners=[], maxConnecting=2}, serverSettings=ServerSettings{heartbeatFrequencyMS=10000, minHeartbeatFrequencyMS=500, serverListeners='[]', serverMonitorListeners='[]'}, sslSettings=SslSettings{enabled=false, invalidHostNameAllowed=false, context=null}, applicationName='null', compressorList=[], uuidRepresentation=UNSPECIFIED, serverApi=null, autoEncryptionSettings=null, dnsClient=null, inetAddressResolver=null, contextProvider=null}
00:09:29.527 [cluster-ClusterId{value='65f383a97f35a37e291a4111', description='null'}-localhost:27018] INFO  org.mongodb.driver.cluster - Monitor thread successfully connected to server with description ServerDescription{address=localhost:27018, type=STANDALONE, state=CONNECTED, ok=true, minWireVersion=0, maxWireVersion=9, maxDocumentSize=16777216, logicalSessionTimeoutMinutes=30, roundTripTimeNanos=51522100}
00:09:30.942 [Test worker] INFO  org.mongodb.driver.client - MongoClient with metadata {"driver": {"name": "mongo-java-driver|sync|spring-boot", "version": "4.11.1"}, "os": {"type": "Windows", "name": "Windows 11", "architecture": "amd64", "version": "10.0"}, "platform": "Java/Oracle Corporation/19.0.1+10-21"} created with settings MongoClientSettings{readPreference=primary, writeConcern=WriteConcern{w=null, wTimeout=null ms, journal=null}, retryWrites=true, retryReads=true, readConcern=ReadConcern{level=null}, credential=MongoCredential{mechanism=null, userName='jan', source='admin', password=<hidden>, mechanismProperties=<hidden>}, transportSettings=null, streamFactoryFactory=null, commandListeners=[], codecRegistry=ProvidersCodecRegistry{codecProviders=[ValueCodecProvider{}, BsonValueCodecProvider{}, DBRefCodecProvider{}, DBObjectCodecProvider{}, DocumentCodecProvider{}, CollectionCodecProvider{}, IterableCodecProvider{}, MapCodecProvider{}, GeoJsonCodecProvider{}, GridFSFileCodecProvider{}, Jsr310CodecProvider{}, JsonObjectCodecProvider{}, BsonCodecProvider{}, EnumCodecProvider{}, com.mongodb.client.model.mql.ExpressionCodecProvider@72ce812e, com.mongodb.Jep395RecordCodecProvider@373afd6c, com.mongodb.KotlinCodecProvider@521441d5]}, loggerSettings=LoggerSettings{maxDocumentLength=1000}, clusterSettings={hosts=[localhost:27018], srvServiceName=mongodb, mode=SINGLE, requiredClusterType=UNKNOWN, requiredReplicaSetName='null', serverSelector='null', clusterListeners='[]', serverSelectionTimeout='30000 ms', localThreshold='15 ms'}, socketSettings=SocketSettings{connectTimeoutMS=10000, readTimeoutMS=0, receiveBufferSize=0, proxySettings=ProxySettings{host=null, port=null, username=null, password=null}}, heartbeatSocketSettings=SocketSettings{connectTimeoutMS=10000, readTimeoutMS=10000, receiveBufferSize=0, proxySettings=ProxySettings{host=null, port=null, username=null, password=null}}, connectionPoolSettings=ConnectionPoolSettings{maxSize=100, minSize=0, maxWaitTimeMS=120000, maxConnectionLifeTimeMS=0, maxConnectionIdleTimeMS=0, maintenanceInitialDelayMS=0, maintenanceFrequencyMS=60000, connectionPoolListeners=[], maxConnecting=2}, serverSettings=ServerSettings{heartbeatFrequencyMS=10000, minHeartbeatFrequencyMS=500, serverListeners='[]', serverMonitorListeners='[]'}, sslSettings=SslSettings{enabled=false, invalidHostNameAllowed=false, context=null}, applicationName='null', compressorList=[], uuidRepresentation=JAVA_LEGACY, serverApi=null, autoEncryptionSettings=null, dnsClient=null, inetAddressResolver=null, contextProvider=null}
00:09:30.950 [cluster-ClusterId{value='65f383aa7f35a37e291a4112', description='null'}-localhost:27018] INFO  org.mongodb.driver.cluster - Monitor thread successfully connected to server with description ServerDescription{address=localhost:27018, type=STANDALONE, state=CONNECTED, ok=true, minWireVersion=0, maxWireVersion=9, maxDocumentSize=16777216, logicalSessionTimeoutMinutes=30, roundTripTimeNanos=10999800}
00:09:31.096 [Test worker] INFO  c.e.n.NakupVstopnicApplicationTests - Started NakupVstopnicApplicationTests in 4.224 seconds (process running for 6.174)
00:09:33.269 [Test worker] INFO  c.e.n.controller.UserController - User with ID 123 not found
00:09:33.453 [Test worker] INFO  c.e.n.controller.UserController - Calling /status
00:09:33.479 [Test worker] WARN  c.e.n.controller.UserController - User with ID 123 not found for deletion.
Running getAllUsers test...
00:09:33.497 [Test worker] INFO  c.e.n.controller.UserController - Retrieving all users
00:09:33.498 [Test worker] INFO  c.e.n.controller.UserController - Retrieved all users, count: 2
00:09:33.518 [Test worker] INFO  c.e.n.controller.UserController - Updated user with ID=null, username=user1, name=John Doe, age=25
00:09:33.537 [Test worker] INFO  c.e.n.controller.UserController - User with ID 123 not found for updating
00:09:33.573 [Test worker] INFO  c.e.n.controller.UserController - Created a new user with ID=null, username=user1, name=John Doe, age=25
00:09:33.591 [Test worker] INFO  c.e.n.controller.UserController - User with ID 123 successfully deleted.
]]></system-out>
  <system-err><![CDATA[]]></system-err>
</testsuite>
